<?xml version="1.0" encoding="UTF-8" ?>
<testsuite tests="4" failures="0" name="com.cg.example.AppTest" time="0.005" errors="0" skipped="0">
  <properties>
[...]
</properties>
  <testcase classname="com.cg.example.AppTest" name="com.cg.example.AppTest.test2" time="0.005"/>
  <testcase classname="com.cg.example.AppTest" name="com.cg.example.AppTest.test3" time="0"/>
  <testcase classname="com.cg.example.AppTest" name="com.cg.example.AppTest.test4" time="0"/>
  <testcase classname="com.cg.example.AppTest" name="com.cg.example.AppTest.test1" time="0"/>
</testsuite>